<?xml version="1.0" encoding="UTF-8"?>
<testsuite xmlns:xsi="http://www.w3.org/2001/XMLSchema-instance" xsi:noNamespaceSchemaLocation="https://maven.apache.org/surefire/maven-surefire-plugin/xsd/surefire-test-report-3.0.xsd" version="3.0" name="calf.api.runners.APITestRunner" time="11.216" tests="1" errors="0" skipped="0" failures="0">
  <properties>
[...]
</properties>
  <testcase name="runScenario[&quot;Verify user details are fetched successfully&quot;, &quot;Get User Details API&quot;](1)" classname="calf.api.runners.APITestRunner" time="5.546">
    <system-out><![CDATA[
@API
Scenario: Verify user details are fetched successfully                  # file:///C:/Users/gyana/Automation-Product-Test/Calf/APIs/test/src/test/resources/features/Getuser.feature:4
Starting scenario: Verify user details are fetched successfully
  ✔ Given I set the base API URL                                        # calf.api.stepdefinitions.GetUserSteps.i_set_the_base_api_url()
  ✔ And I set the request headers                                       # calf.api.stepdefinitions.GetUserSteps.i_set_the_request_headers()
  ✔ When I send a GET request to "/api/v1/auth/me"                      # calf.api.stepdefinitions.GetUserSteps.i_send_a_get_request_to(java.lang.String)
  ✔ Then the response status code should be 200                         # calf.api.stepdefinitions.GetUserSteps.the_response_status_code_should_be(java.lang.Integer)
  ✔ And the response should contain "User details fetched successfully" # calf.api.stepdefinitions.GetUserSteps.the_response_should_contain(java.lang.String)
  ✔ And the response should have valid user details                     # calf.api.stepdefinitions.GetUserSteps.the_response_should_have_valid_user_details()
Finished scenario: Verify user details are fetched successfully with status: PASSED
]]></system-out>
    <system-err><![CDATA[SLF4J(W): No SLF4J providers were found.
SLF4J(W): Defaulting to no-operation (NOP) logger implementation
SLF4J(W): See https://www.slf4j.org/codes.html#noProviders for further details.
]]></system-err>
  </testcase>
</testsuite>