<?xml version="1.0" encoding="UTF-8"?>
<testng-results ignored="0" total="1" passed="1" failed="0" skipped="0">
  <reporter-output>
  </reporter-output>
  <suite started-at="2025-08-28T09:47:47 IST" name="Surefire suite" finished-at="2025-08-28T09:47:58 IST" duration-ms="10195">
    <groups>
      <group name="cucumber">
        <method signature="AbstractTestNGCucumberTests.runScenario(io.cucumber.testng.PickleWrapper,io.cucumber.testng.FeatureWrapper)[pri:0, instance:calf.api.runners.APITestRunner@5c18016b]" name="runScenario" class="io.cucumber.testng.AbstractTestNGCucumberTests"/>
      </group> <!-- cucumber -->
    </groups>
    <test started-at="2025-08-28T09:47:47 IST" name="Surefire test" finished-at="2025-08-28T09:47:58 IST" duration-ms="10195">
      <class name="calf.api.runners.APITestRunner">
        <test-method is-config="true" signature="setUpClass(org.testng.ITestContext)[pri:0, instance:calf.api.runners.APITestRunner@5c18016b]" started-at="2025-08-28T09:47:47 IST" name="setUpClass" finished-at="2025-08-28T09:47:51 IST" duration-ms="3560" status="PASS">
          <params>
            <param index="0">
              <value>
                <![CDATA[org.testng.TestRunner@51850751]]>
              </value>
            </param>
          </params>
          <reporter-output>
          </reporter-output>
        </test-method> <!-- setUpClass -->
        <test-method signature="runScenario(io.cucumber.testng.PickleWrapper,io.cucumber.testng.FeatureWrapper)[pri:0, instance:calf.api.runners.APITestRunner@5c18016b]" started-at="2025-08-28T09:47:51 IST" name="runScenario" description="Runs Cucumber Scenarios" data-provider="scenarios" finished-at="2025-08-28T09:47:57 IST" duration-ms="5542" status="PASS">
          <params>
            <param index="0">
              <value>
                <![CDATA["Verify user details are fetched successfully"]]>
              </value>
            </param>
            <param index="1">
              <value>
                <![CDATA["Get User Details API"]]>
              </value>
            </param>
          </params>
          <reporter-output>
          </reporter-output>
        </test-method> <!-- runScenario -->
        <test-method is-config="true" signature="tearDownClass()[pri:0, instance:calf.api.runners.APITestRunner@5c18016b]" started-at="2025-08-28T09:47:57 IST" name="tearDownClass" finished-at="2025-08-28T09:47:58 IST" duration-ms="971" status="PASS">
          <reporter-output>
          </reporter-output>
        </test-method> <!-- tearDownClass -->
      </class> <!-- calf.api.runners.APITestRunner -->
    </test> <!-- Surefire test -->
  </suite> <!-- Surefire suite -->
</testng-results>
